<?xml version="1.0" encoding="UTF-8" ?>
<testsuite errors="0" failures="0" name="com.opensymphony.oscache.base.algorithm.TestCompleteAlgorithm" tests="30" time="0.761">
  <properties>
[...]
</properties>
  <testcase name="testRemoveItem" time="0.16"></testcase>
  <testcase name="testClear" time="0.0"></testcase>
  <testcase name="testContainsKey" time="0.0"></testcase>
  <testcase name="testGet" time="0.0"></testcase>
  <testcase name="testGetSetMaxEntries" time="0.0"></testcase>
  <testcase name="testIterator" time="0.01"></testcase>
  <testcase name="testPut" time="0.0"></testcase>
  <testcase name="testRemove" time="0.0"></testcase>
  <testcase name="testGetSetMemoryCache" time="0.0"></testcase>
  <testcase name="testSetPersistenceListener" time="0.0"></testcase>
  <testcase name="testRemoveItem" time="0.01"></testcase>
  <testcase name="testClear" time="0.0"></testcase>
  <testcase name="testContainsKey" time="0.0"></testcase>
  <testcase name="testGet" time="0.0"></testcase>
  <testcase name="testGetSetMaxEntries" time="0.0"></testcase>
  <testcase name="testIterator" time="0.01"></testcase>
  <testcase name="testPut" time="0.0"></testcase>
  <testcase name="testRemove" time="0.0"></testcase>
  <testcase name="testGetSetMemoryCache" time="0.0"></testcase>
  <testcase name="testSetPersistenceListener" time="0.0"></testcase>
  <testcase name="testRemoveItem" time="0.0"></testcase>
  <testcase name="testGetSetMaxEntries" time="0.0"></testcase>
  <testcase name="testClear" time="0.0"></testcase>
  <testcase name="testContainsKey" time="0.0"></testcase>
  <testcase name="testGet" time="0.0"></testcase>
  <testcase name="testIterator" time="0.0"></testcase>
  <testcase name="testPut" time="0.0"></testcase>
  <testcase name="testRemove" time="0.0"></testcase>
  <testcase name="testGetSetMemoryCache" time="0.0"></testcase>
  <testcase name="testSetPersistenceListener" time="0.0"></testcase>
  <system-out><![CDATA[]]></system-out>
  <system-err><![CDATA[]]></system-err>
</testsuite>
